<?xml version="1.0" encoding="UTF-8"?>
<!-- Generated by org.testng.reporters.JUnitReportReporter -->
<testsuite hostname="DESKTOP-99N73JI" failures="0" tests="1" name="tc.projectchomepage" time="9.128" errors="0" timestamp="2021-01-28T10:17:23 IST" skipped="0">
  <testcase classname="tc.projectchomepage" name="phphometest" time="9.128"/>
</testsuite> <!-- tc.projectchomepage -->
